<?xml version="1.0" encoding="UTF-8"?>
<robot generator="Robot 3.2.2 (Python 3.9.0 on darwin)" generated="20201225 16:39:37.460" rpa="false">
<suite id="s1" name="Login" source="/Users/ads/Documents/Robot/Robot_Book/Login.robot">
<kw name="Run Keywords" library="BuiltIn" type="setup">
<doc>Executes all the given keywords in a sequence.</doc>
<arguments>
<arg>Open Browser</arg>
<arg>${BACKENDURL}</arg>
<arg>chrome</arg>
<arg>AND</arg>
<arg>Maximize Browser Window</arg>
</arguments>
<kw name="Open Browser" library="Selenium2Library">
<doc>Opens a new browser instance to the optional ``url``.</doc>
<arguments>
<arg>${BACKENDURL}</arg>
<arg>chrome</arg>
</arguments>
<msg timestamp="20201225 16:39:37.587" level="INFO">Opening browser 'chrome' to base url 'https://book-stg.adessolab.com/'.</msg>
<status status="PASS" starttime="20201225 16:39:37.587" endtime="20201225 16:39:40.548"></status>
</kw>
<kw name="Maximize Browser Window" library="Selenium2Library">
<doc>Maximizes current browser window.</doc>
<status status="PASS" starttime="20201225 16:39:40.548" endtime="20201225 16:39:40.899"></status>
</kw>
<status status="PASS" starttime="20201225 16:39:37.587" endtime="20201225 16:39:40.899"></status>
</kw>
<test id="s1-t1" name="login">
<kw name="Sleep" library="BuiltIn" type="setup">
<doc>Pauses the test executed for the given time.</doc>
<arguments>
<arg>2s</arg>
</arguments>
<msg timestamp="20201225 16:39:42.901" level="INFO">Slept 2 seconds</msg>
<status status="PASS" starttime="20201225 16:39:40.900" endtime="20201225 16:39:42.902"></status>
</kw>
<kw name="Wait Click" library="Book_Key">
<arguments>
<arg>${Clicklogin}</arg>
</arguments>
<kw name="Wait Until Element Is Visible" library="Selenium2Library">
<doc>Waits until the element ``locator`` is visible.</doc>
<arguments>
<arg>${locator}</arg>
<arg>15s</arg>
</arguments>
<status status="PASS" starttime="20201225 16:39:42.902" endtime="20201225 16:39:42.921"></status>
</kw>
<kw name="Click Element" library="Selenium2Library">
<doc>Click the element identified by ``locator``.</doc>
<arguments>
<arg>${locator}</arg>
</arguments>
<msg timestamp="20201225 16:39:42.921" level="INFO">Clicking element '//a[contains(text(),'Login')]'.</msg>
<status status="PASS" starttime="20201225 16:39:42.921" endtime="20201225 16:39:43.322"></status>
</kw>
<kw name="Sleep" library="BuiltIn">
<doc>Pauses the test executed for the given time.</doc>
<arguments>
<arg>1s</arg>
</arguments>
<msg timestamp="20201225 16:39:44.323" level="INFO">Slept 1 second</msg>
<status status="PASS" starttime="20201225 16:39:43.322" endtime="20201225 16:39:44.323"></status>
</kw>
<status status="PASS" starttime="20201225 16:39:42.902" endtime="20201225 16:39:44.323"></status>
</kw>
<kw name="Wait Type" library="Book_Key">
<arguments>
<arg>${input_user}</arg>
<arg>admin123</arg>
</arguments>
<kw name="Wait Until Element Is Visible" library="Selenium2Library">
<doc>Waits until the element ``locator`` is visible.</doc>
<arguments>
<arg>${locator}</arg>
<arg>30s</arg>
</arguments>
<status status="PASS" starttime="20201225 16:39:44.324" endtime="20201225 16:39:44.340"></status>
</kw>
<kw name="Input Text" library="Selenium2Library">
<doc>Types the given ``text`` into the text field identified by ``locator``.</doc>
<arguments>
<arg>${locator}</arg>
<arg>${txt_value}</arg>
</arguments>
<msg timestamp="20201225 16:39:44.340" level="INFO">Typing text 'admin123' into text field '//*[@id="username"]'.</msg>
<status status="PASS" starttime="20201225 16:39:44.340" endtime="20201225 16:39:44.425"></status>
</kw>
<status status="PASS" starttime="20201225 16:39:44.324" endtime="20201225 16:39:44.425"></status>
</kw>
<kw name="Wait Type" library="Book_Key">
<arguments>
<arg>${input_pass}</arg>
<arg>123123123</arg>
</arguments>
<kw name="Wait Until Element Is Visible" library="Selenium2Library">
<doc>Waits until the element ``locator`` is visible.</doc>
<arguments>
<arg>${locator}</arg>
<arg>30s</arg>
</arguments>
<status status="PASS" starttime="20201225 16:39:44.426" endtime="20201225 16:39:44.438"></status>
</kw>
<kw name="Input Text" library="Selenium2Library">
<doc>Types the given ``text`` into the text field identified by ``locator``.</doc>
<arguments>
<arg>${locator}</arg>
<arg>${txt_value}</arg>
</arguments>
<msg timestamp="20201225 16:39:44.438" level="INFO">Typing text '123123123' into text field '//*[@id="password"]'.</msg>
<status status="PASS" starttime="20201225 16:39:44.438" endtime="20201225 16:39:44.486"></status>
</kw>
<status status="PASS" starttime="20201225 16:39:44.425" endtime="20201225 16:39:44.486"></status>
</kw>
<kw name="Wait Click" library="Book_Key">
<arguments>
<arg>${btnlogin}</arg>
</arguments>
<kw name="Wait Until Element Is Visible" library="Selenium2Library">
<doc>Waits until the element ``locator`` is visible.</doc>
<arguments>
<arg>${locator}</arg>
<arg>15s</arg>
</arguments>
<status status="PASS" starttime="20201225 16:39:44.486" endtime="20201225 16:39:44.499"></status>
</kw>
<kw name="Click Element" library="Selenium2Library">
<doc>Click the element identified by ``locator``.</doc>
<arguments>
<arg>${locator}</arg>
</arguments>
<msg timestamp="20201225 16:39:44.499" level="INFO">Clicking element '//button[@type='submit']'.</msg>
<status status="PASS" starttime="20201225 16:39:44.499" endtime="20201225 16:39:45.416"></status>
</kw>
<kw name="Sleep" library="BuiltIn">
<doc>Pauses the test executed for the given time.</doc>
<arguments>
<arg>1s</arg>
</arguments>
<msg timestamp="20201225 16:39:46.418" level="INFO">Slept 1 second</msg>
<status status="PASS" starttime="20201225 16:39:45.416" endtime="20201225 16:39:46.418"></status>
</kw>
<status status="PASS" starttime="20201225 16:39:44.486" endtime="20201225 16:39:46.418"></status>
</kw>
<status status="PASS" starttime="20201225 16:39:40.899" endtime="20201225 16:39:46.419" critical="yes"></status>
</test>
<test id="s1-t2" name="Add book">
<kw name="Sleep" library="BuiltIn" type="setup">
<doc>Pauses the test executed for the given time.</doc>
<arguments>
<arg>2s</arg>
</arguments>
<msg timestamp="20201225 16:39:48.422" level="INFO">Slept 2 seconds</msg>
<status status="PASS" starttime="20201225 16:39:46.421" endtime="20201225 16:39:48.422"></status>
</kw>
<kw name="Wait Click" library="Book_Key">
<arguments>
<arg>${clickbook}</arg>
</arguments>
<kw name="Wait Until Element Is Visible" library="Selenium2Library">
<doc>Waits until the element ``locator`` is visible.</doc>
<arguments>
<arg>${locator}</arg>
<arg>15s</arg>
</arguments>
<status status="PASS" starttime="20201225 16:39:48.423" endtime="20201225 16:39:48.437"></status>
</kw>
<kw name="Click Element" library="Selenium2Library">
<doc>Click the element identified by ``locator``.</doc>
<arguments>
<arg>${locator}</arg>
</arguments>
<msg timestamp="20201225 16:39:48.437" level="INFO">Clicking element 'xpath=(//a[contains(@href, '#')])[3]'.</msg>
<status status="PASS" starttime="20201225 16:39:48.437" endtime="20201225 16:39:48.470"></status>
</kw>
<kw name="Sleep" library="BuiltIn">
<doc>Pauses the test executed for the given time.</doc>
<arguments>
<arg>1s</arg>
</arguments>
<msg timestamp="20201225 16:39:49.473" level="INFO">Slept 1 second</msg>
<status status="PASS" starttime="20201225 16:39:48.470" endtime="20201225 16:39:49.473"></status>
</kw>
<status status="PASS" starttime="20201225 16:39:48.423" endtime="20201225 16:39:49.473"></status>
</kw>
<kw name="Wait Click" library="Book_Key">
<arguments>
<arg>${clickaddbook}</arg>
</arguments>
<kw name="Wait Until Element Is Visible" library="Selenium2Library">
<doc>Waits until the element ``locator`` is visible.</doc>
<arguments>
<arg>${locator}</arg>
<arg>15s</arg>
</arguments>
<status status="PASS" starttime="20201225 16:39:49.474" endtime="20201225 16:39:49.487"></status>
</kw>
<kw name="Click Element" library="Selenium2Library">
<doc>Click the element identified by ``locator``.</doc>
<arguments>
<arg>${locator}</arg>
</arguments>
<msg timestamp="20201225 16:39:49.488" level="INFO">Clicking element '//li[3]/ul/li/a/p'.</msg>
<status status="PASS" starttime="20201225 16:39:49.488" endtime="20201225 16:39:50.195"></status>
</kw>
<kw name="Sleep" library="BuiltIn">
<doc>Pauses the test executed for the given time.</doc>
<arguments>
<arg>1s</arg>
</arguments>
<msg timestamp="20201225 16:39:51.196" level="INFO">Slept 1 second</msg>
<status status="PASS" starttime="20201225 16:39:50.195" endtime="20201225 16:39:51.196"></status>
</kw>
<status status="PASS" starttime="20201225 16:39:49.473" endtime="20201225 16:39:51.197"></status>
</kw>
<kw name="wait click choose file" library="Book_Key">
<arguments>
<arg>${clickname_picture}</arg>
<arg>${pic_name_picture}</arg>
</arguments>
<kw name="Choose File" library="Selenium2Library">
<doc>Inputs the ``file_path`` into the file input field ``locator``.</doc>
<arguments>
<arg>${locator}</arg>
<arg>${AddFile}</arg>
</arguments>
<msg timestamp="20201225 16:39:51.197" level="INFO">Sending /Users/ads/Desktop/4kPic/Portrait/soulcalibur-lost-swords-game-4k-s1-1080x1920.jpg to browser.</msg>
<status status="PASS" starttime="20201225 16:39:51.197" endtime="20201225 16:39:51.226"></status>
</kw>
<kw name="Sleep" library="BuiltIn">
<doc>Pauses the test executed for the given time.</doc>
<arguments>
<arg>1s</arg>
</arguments>
<msg timestamp="20201225 16:39:52.229" level="INFO">Slept 1 second</msg>
<status status="PASS" starttime="20201225 16:39:51.226" endtime="20201225 16:39:52.229"></status>
</kw>
<status status="PASS" starttime="20201225 16:39:51.197" endtime="20201225 16:39:52.229"></status>
</kw>
<kw name="Wait Type" library="Book_Key">
<arguments>
<arg>${inputisbn}</arg>
<arg>123123123123123123</arg>
</arguments>
<kw name="Wait Until Element Is Visible" library="Selenium2Library">
<doc>Waits until the element ``locator`` is visible.</doc>
<arguments>
<arg>${locator}</arg>
<arg>30s</arg>
</arguments>
<status status="PASS" starttime="20201225 16:39:52.230" endtime="20201225 16:39:52.250"></status>
</kw>
<kw name="Input Text" library="Selenium2Library">
<doc>Types the given ``text`` into the text field identified by ``locator``.</doc>
<arguments>
<arg>${locator}</arg>
<arg>${txt_value}</arg>
</arguments>
<msg timestamp="20201225 16:39:52.250" level="INFO">Typing text '123123123123123123' into text field '//*[@id="isbn"]'.</msg>
<status status="PASS" starttime="20201225 16:39:52.250" endtime="20201225 16:39:52.323"></status>
</kw>
<status status="PASS" starttime="20201225 16:39:52.229" endtime="20201225 16:39:52.323"></status>
</kw>
<kw name="Wait Type" library="Book_Key">
<arguments>
<arg>${inputblog_url}</arg>
<arg>333</arg>
</arguments>
<kw name="Wait Until Element Is Visible" library="Selenium2Library">
<doc>Waits until the element ``locator`` is visible.</doc>
<arguments>
<arg>${locator}</arg>
<arg>30s</arg>
</arguments>
<status status="PASS" starttime="20201225 16:39:52.323" endtime="20201225 16:39:52.338"></status>
</kw>
<kw name="Input Text" library="Selenium2Library">
<doc>Types the given ``text`` into the text field identified by ``locator``.</doc>
<arguments>
<arg>${locator}</arg>
<arg>${txt_value}</arg>
</arguments>
<msg timestamp="20201225 16:39:52.338" level="INFO">Typing text '333' into text field '//*[@id="blog_url"]'.</msg>
<status status="PASS" starttime="20201225 16:39:52.338" endtime="20201225 16:39:52.388"></status>
</kw>
<status status="PASS" starttime="20201225 16:39:52.323" endtime="20201225 16:39:52.388"></status>
</kw>
<kw name="Wait Type" library="Book_Key">
<arguments>
<arg>${inputyoutube_url}</arg>
<arg>444444</arg>
</arguments>
<kw name="Wait Until Element Is Visible" library="Selenium2Library">
<doc>Waits until the element ``locator`` is visible.</doc>
<arguments>
<arg>${locator}</arg>
<arg>30s</arg>
</arguments>
<status status="PASS" starttime="20201225 16:39:52.389" endtime="20201225 16:39:52.402"></status>
</kw>
<kw name="Input Text" library="Selenium2Library">
<doc>Types the given ``text`` into the text field identified by ``locator``.</doc>
<arguments>
<arg>${locator}</arg>
<arg>${txt_value}</arg>
</arguments>
<msg timestamp="20201225 16:39:52.402" level="INFO">Typing text '444444' into text field '//*[@id="youtube_url"]'.</msg>
<status status="PASS" starttime="20201225 16:39:52.402" endtime="20201225 16:39:52.456"></status>
</kw>
<status status="PASS" starttime="20201225 16:39:52.389" endtime="20201225 16:39:52.456"></status>
</kw>
<kw name="Wait Click" library="Book_Key">
<arguments>
<arg>${choosebook_type}</arg>
</arguments>
<kw name="Wait Until Element Is Visible" library="Selenium2Library">
<doc>Waits until the element ``locator`` is visible.</doc>
<arguments>
<arg>${locator}</arg>
<arg>15s</arg>
</arguments>
<status status="PASS" starttime="20201225 16:39:52.457" endtime="20201225 16:39:52.470"></status>
</kw>
<kw name="Click Element" library="Selenium2Library">
<doc>Click the element identified by ``locator``.</doc>
<arguments>
<arg>${locator}</arg>
</arguments>
<msg timestamp="20201225 16:39:52.470" level="INFO">Clicking element 'xpath=//select[@name="book_type"]'.</msg>
<status status="PASS" starttime="20201225 16:39:52.470" endtime="20201225 16:39:52.576"></status>
</kw>
<kw name="Sleep" library="BuiltIn">
<doc>Pauses the test executed for the given time.</doc>
<arguments>
<arg>1s</arg>
</arguments>
<msg timestamp="20201225 16:39:53.578" level="INFO">Slept 1 second</msg>
<status status="PASS" starttime="20201225 16:39:52.576" endtime="20201225 16:39:53.578"></status>
</kw>
<status status="PASS" starttime="20201225 16:39:52.456" endtime="20201225 16:39:53.579"></status>
</kw>
<kw name="Wait Click" library="Book_Key">
<arguments>
<arg>${choosebook_type2}</arg>
</arguments>
<kw name="Wait Until Element Is Visible" library="Selenium2Library">
<doc>Waits until the element ``locator`` is visible.</doc>
<arguments>
<arg>${locator}</arg>
<arg>15s</arg>
</arguments>
<status status="PASS" starttime="20201225 16:39:53.579" endtime="20201225 16:39:53.593"></status>
</kw>
<kw name="Click Element" library="Selenium2Library">
<doc>Click the element identified by ``locator``.</doc>
<arguments>
<arg>${locator}</arg>
</arguments>
<msg timestamp="20201225 16:39:53.593" level="INFO">Clicking element 'xpath=//select/option[5]'.</msg>
<status status="PASS" starttime="20201225 16:39:53.593" endtime="20201225 16:39:53.923"></status>
</kw>
<kw name="Sleep" library="BuiltIn">
<doc>Pauses the test executed for the given time.</doc>
<arguments>
<arg>1s</arg>
</arguments>
<msg timestamp="20201225 16:39:54.924" level="INFO">Slept 1 second</msg>
<status status="PASS" starttime="20201225 16:39:53.923" endtime="20201225 16:39:54.924"></status>
</kw>
<status status="PASS" starttime="20201225 16:39:53.579" endtime="20201225 16:39:54.924"></status>
</kw>
<kw name="Wait Type" library="Book_Key">
<arguments>
<arg>${inputbook_name}</arg>
<arg>ชื่อหนังสือค่าๆๆ</arg>
</arguments>
<kw name="Wait Until Element Is Visible" library="Selenium2Library">
<doc>Waits until the element ``locator`` is visible.</doc>
<arguments>
<arg>${locator}</arg>
<arg>30s</arg>
</arguments>
<status status="PASS" starttime="20201225 16:39:54.930" endtime="20201225 16:39:54.945"></status>
</kw>
<kw name="Input Text" library="Selenium2Library">
<doc>Types the given ``text`` into the text field identified by ``locator``.</doc>
<arguments>
<arg>${locator}</arg>
<arg>${txt_value}</arg>
</arguments>
<msg timestamp="20201225 16:39:54.946" level="INFO">Typing text 'ชื่อหนังสือค่าๆๆ' into text field '//*[@id="book_name"]'.</msg>
<status status="PASS" starttime="20201225 16:39:54.945" endtime="20201225 16:39:55.250"></status>
</kw>
<status status="PASS" starttime="20201225 16:39:54.925" endtime="20201225 16:39:55.250"></status>
</kw>
<kw name="Wait Type" library="Book_Key">
<arguments>
<arg>${inputblame_position}</arg>
<arg>ชื่อหนังสือค่าๆๆ//</arg>
</arguments>
<kw name="Wait Until Element Is Visible" library="Selenium2Library">
<doc>Waits until the element ``locator`` is visible.</doc>
<arguments>
<arg>${locator}</arg>
<arg>30s</arg>
</arguments>
<status status="PASS" starttime="20201225 16:39:55.250" endtime="20201225 16:39:55.262"></status>
</kw>
<kw name="Input Text" library="Selenium2Library">
<doc>Types the given ``text`` into the text field identified by ``locator``.</doc>
<arguments>
<arg>${locator}</arg>
<arg>${txt_value}</arg>
</arguments>
<msg timestamp="20201225 16:39:55.263" level="INFO">Typing text 'ชื่อหนังสือค่าๆๆ//' into text field '//*[@id="blame_position"]'.</msg>
<status status="PASS" starttime="20201225 16:39:55.262" endtime="20201225 16:39:55.333"></status>
</kw>
<status status="PASS" starttime="20201225 16:39:55.250" endtime="20201225 16:39:55.333"></status>
</kw>
<status status="PASS" starttime="20201225 16:39:46.420" endtime="20201225 16:39:55.333" critical="yes"></status>
</test>
<kw name="Close Browser" library="Selenium2Library" type="teardown">
<doc>Closes the current browser.</doc>
<status status="PASS" starttime="20201225 16:39:55.334" endtime="20201225 16:39:55.433"></status>
</kw>
<status status="PASS" starttime="20201225 16:39:37.463" endtime="20201225 16:39:55.433"></status>
</suite>
<statistics>
<total>
<stat pass="2" fail="0">Critical Tests</stat>
<stat pass="2" fail="0">All Tests</stat>
</total>
<tag>
</tag>
<suite>
<stat pass="2" fail="0" id="s1" name="Login">Login</stat>
</suite>
</statistics>
<errors>
</errors>
</robot>
