<?xml version="1.0" encoding="UTF-8"?>
<robot generator="Robot 3.2.2 (Python 3.9.0 on darwin)" generated="20201225 16:56:50.370" rpa="false">
<suite id="s1" name="Login" source="/Users/ads/Documents/Robot/Robot_Book/Login.robot">
<kw name="Run Keywords" library="BuiltIn" type="setup">
<doc>Executes all the given keywords in a sequence.</doc>
<arguments>
<arg>Open Browser</arg>
<arg>${BACKENDURL}</arg>
<arg>chrome</arg>
<arg>AND</arg>
<arg>Maximize Browser Window</arg>
</arguments>
<kw name="Open Browser" library="Selenium2Library">
<doc>Opens a new browser instance to the optional ``url``.</doc>
<arguments>
<arg>${BACKENDURL}</arg>
<arg>chrome</arg>
</arguments>
<msg timestamp="20201225 16:56:50.498" level="INFO">Opening browser 'chrome' to base url 'https://book-stg.adessolab.com/'.</msg>
<status status="PASS" starttime="20201225 16:56:50.498" endtime="20201225 16:56:53.515"></status>
</kw>
<kw name="Maximize Browser Window" library="Selenium2Library">
<doc>Maximizes current browser window.</doc>
<status status="PASS" starttime="20201225 16:56:53.516" endtime="20201225 16:56:53.881"></status>
</kw>
<status status="PASS" starttime="20201225 16:56:50.497" endtime="20201225 16:56:53.881"></status>
</kw>
<test id="s1-t1" name="login">
<kw name="Sleep" library="BuiltIn" type="setup">
<doc>Pauses the test executed for the given time.</doc>
<arguments>
<arg>2s</arg>
</arguments>
<msg timestamp="20201225 16:56:55.882" level="INFO">Slept 2 seconds</msg>
<status status="PASS" starttime="20201225 16:56:53.881" endtime="20201225 16:56:55.882"></status>
</kw>
<kw name="Wait Click" library="Book_Key">
<arguments>
<arg>${Clicklogin}</arg>
</arguments>
<kw name="Wait Until Element Is Visible" library="Selenium2Library">
<doc>Waits until the element ``locator`` is visible.</doc>
<arguments>
<arg>${locator}</arg>
<arg>15s</arg>
</arguments>
<status status="PASS" starttime="20201225 16:56:55.883" endtime="20201225 16:56:55.900"></status>
</kw>
<kw name="Click Element" library="Selenium2Library">
<doc>Click the element identified by ``locator``.</doc>
<arguments>
<arg>${locator}</arg>
</arguments>
<msg timestamp="20201225 16:56:55.900" level="INFO">Clicking element '//a[contains(text(),'Login')]'.</msg>
<status status="PASS" starttime="20201225 16:56:55.900" endtime="20201225 16:56:56.266"></status>
</kw>
<kw name="Sleep" library="BuiltIn">
<doc>Pauses the test executed for the given time.</doc>
<arguments>
<arg>1s</arg>
</arguments>
<msg timestamp="20201225 16:56:57.268" level="INFO">Slept 1 second</msg>
<status status="PASS" starttime="20201225 16:56:56.266" endtime="20201225 16:56:57.268"></status>
</kw>
<status status="PASS" starttime="20201225 16:56:55.882" endtime="20201225 16:56:57.268"></status>
</kw>
<kw name="Wait Type" library="Book_Key">
<arguments>
<arg>${input_user}</arg>
<arg>admin123</arg>
</arguments>
<kw name="Wait Until Element Is Visible" library="Selenium2Library">
<doc>Waits until the element ``locator`` is visible.</doc>
<arguments>
<arg>${locator}</arg>
<arg>30s</arg>
</arguments>
<status status="PASS" starttime="20201225 16:56:57.268" endtime="20201225 16:56:57.285"></status>
</kw>
<kw name="Input Text" library="Selenium2Library">
<doc>Types the given ``text`` into the text field identified by ``locator``.</doc>
<arguments>
<arg>${locator}</arg>
<arg>${txt_value}</arg>
</arguments>
<msg timestamp="20201225 16:56:57.285" level="INFO">Typing text 'admin123' into text field '//*[@id="username"]'.</msg>
<status status="PASS" starttime="20201225 16:56:57.285" endtime="20201225 16:56:57.369"></status>
</kw>
<status status="PASS" starttime="20201225 16:56:57.268" endtime="20201225 16:56:57.370"></status>
</kw>
<kw name="Wait Type" library="Book_Key">
<arguments>
<arg>${input_pass}</arg>
<arg>123123123</arg>
</arguments>
<kw name="Wait Until Element Is Visible" library="Selenium2Library">
<doc>Waits until the element ``locator`` is visible.</doc>
<arguments>
<arg>${locator}</arg>
<arg>30s</arg>
</arguments>
<status status="PASS" starttime="20201225 16:56:57.370" endtime="20201225 16:56:57.383"></status>
</kw>
<kw name="Input Text" library="Selenium2Library">
<doc>Types the given ``text`` into the text field identified by ``locator``.</doc>
<arguments>
<arg>${locator}</arg>
<arg>${txt_value}</arg>
</arguments>
<msg timestamp="20201225 16:56:57.383" level="INFO">Typing text '123123123' into text field '//*[@id="password"]'.</msg>
<status status="PASS" starttime="20201225 16:56:57.383" endtime="20201225 16:56:57.431"></status>
</kw>
<status status="PASS" starttime="20201225 16:56:57.370" endtime="20201225 16:56:57.431"></status>
</kw>
<kw name="Wait Click" library="Book_Key">
<arguments>
<arg>${btnlogin}</arg>
</arguments>
<kw name="Wait Until Element Is Visible" library="Selenium2Library">
<doc>Waits until the element ``locator`` is visible.</doc>
<arguments>
<arg>${locator}</arg>
<arg>15s</arg>
</arguments>
<status status="PASS" starttime="20201225 16:56:57.431" endtime="20201225 16:56:57.443"></status>
</kw>
<kw name="Click Element" library="Selenium2Library">
<doc>Click the element identified by ``locator``.</doc>
<arguments>
<arg>${locator}</arg>
</arguments>
<msg timestamp="20201225 16:56:57.444" level="INFO">Clicking element '//button[@type='submit']'.</msg>
<status status="PASS" starttime="20201225 16:56:57.443" endtime="20201225 16:56:58.612"></status>
</kw>
<kw name="Sleep" library="BuiltIn">
<doc>Pauses the test executed for the given time.</doc>
<arguments>
<arg>1s</arg>
</arguments>
<msg timestamp="20201225 16:56:59.614" level="INFO">Slept 1 second</msg>
<status status="PASS" starttime="20201225 16:56:58.612" endtime="20201225 16:56:59.614"></status>
</kw>
<status status="PASS" starttime="20201225 16:56:57.431" endtime="20201225 16:56:59.615"></status>
</kw>
<status status="PASS" starttime="20201225 16:56:53.881" endtime="20201225 16:56:59.615" critical="yes"></status>
</test>
<test id="s1-t2" name="Add book">
<kw name="Sleep" library="BuiltIn" type="setup">
<doc>Pauses the test executed for the given time.</doc>
<arguments>
<arg>2s</arg>
</arguments>
<msg timestamp="20201225 16:57:01.618" level="INFO">Slept 2 seconds</msg>
<status status="PASS" starttime="20201225 16:56:59.616" endtime="20201225 16:57:01.619"></status>
</kw>
<kw name="Wait Click" library="Book_Key">
<arguments>
<arg>${clickbook}</arg>
</arguments>
<kw name="Wait Until Element Is Visible" library="Selenium2Library">
<doc>Waits until the element ``locator`` is visible.</doc>
<arguments>
<arg>${locator}</arg>
<arg>15s</arg>
</arguments>
<status status="PASS" starttime="20201225 16:57:01.620" endtime="20201225 16:57:01.633"></status>
</kw>
<kw name="Click Element" library="Selenium2Library">
<doc>Click the element identified by ``locator``.</doc>
<arguments>
<arg>${locator}</arg>
</arguments>
<msg timestamp="20201225 16:57:01.633" level="INFO">Clicking element 'xpath=(//a[contains(@href, '#')])[3]'.</msg>
<status status="PASS" starttime="20201225 16:57:01.633" endtime="20201225 16:57:01.669"></status>
</kw>
<kw name="Sleep" library="BuiltIn">
<doc>Pauses the test executed for the given time.</doc>
<arguments>
<arg>1s</arg>
</arguments>
<msg timestamp="20201225 16:57:02.670" level="INFO">Slept 1 second</msg>
<status status="PASS" starttime="20201225 16:57:01.670" endtime="20201225 16:57:02.670"></status>
</kw>
<status status="PASS" starttime="20201225 16:57:01.619" endtime="20201225 16:57:02.670"></status>
</kw>
<kw name="Wait Click" library="Book_Key">
<arguments>
<arg>${clickaddbook}</arg>
</arguments>
<kw name="Wait Until Element Is Visible" library="Selenium2Library">
<doc>Waits until the element ``locator`` is visible.</doc>
<arguments>
<arg>${locator}</arg>
<arg>15s</arg>
</arguments>
<status status="PASS" starttime="20201225 16:57:02.671" endtime="20201225 16:57:02.684"></status>
</kw>
<kw name="Click Element" library="Selenium2Library">
<doc>Click the element identified by ``locator``.</doc>
<arguments>
<arg>${locator}</arg>
</arguments>
<msg timestamp="20201225 16:57:02.684" level="INFO">Clicking element '//li[3]/ul/li/a/p'.</msg>
<status status="PASS" starttime="20201225 16:57:02.684" endtime="20201225 16:57:03.437"></status>
</kw>
<kw name="Sleep" library="BuiltIn">
<doc>Pauses the test executed for the given time.</doc>
<arguments>
<arg>1s</arg>
</arguments>
<msg timestamp="20201225 16:57:04.439" level="INFO">Slept 1 second</msg>
<status status="PASS" starttime="20201225 16:57:03.438" endtime="20201225 16:57:04.439"></status>
</kw>
<status status="PASS" starttime="20201225 16:57:02.670" endtime="20201225 16:57:04.439"></status>
</kw>
<kw name="Wait Type" library="Book_Key">
<arguments>
<arg>${inputisbn}</arg>
<arg>123123123123123123</arg>
</arguments>
<kw name="Wait Until Element Is Visible" library="Selenium2Library">
<doc>Waits until the element ``locator`` is visible.</doc>
<arguments>
<arg>${locator}</arg>
<arg>30s</arg>
</arguments>
<status status="PASS" starttime="20201225 16:57:04.440" endtime="20201225 16:57:04.454"></status>
</kw>
<kw name="Input Text" library="Selenium2Library">
<doc>Types the given ``text`` into the text field identified by ``locator``.</doc>
<arguments>
<arg>${locator}</arg>
<arg>${txt_value}</arg>
</arguments>
<msg timestamp="20201225 16:57:04.454" level="INFO">Typing text '123123123123123123' into text field '//*[@id="isbn"]'.</msg>
<status status="PASS" starttime="20201225 16:57:04.454" endtime="20201225 16:57:04.528"></status>
</kw>
<status status="PASS" starttime="20201225 16:57:04.440" endtime="20201225 16:57:04.528"></status>
</kw>
<kw name="Wait Type" library="Book_Key">
<arguments>
<arg>${inputblog_url}</arg>
<arg>333</arg>
</arguments>
<kw name="Wait Until Element Is Visible" library="Selenium2Library">
<doc>Waits until the element ``locator`` is visible.</doc>
<arguments>
<arg>${locator}</arg>
<arg>30s</arg>
</arguments>
<status status="PASS" starttime="20201225 16:57:04.528" endtime="20201225 16:57:04.542"></status>
</kw>
<kw name="Input Text" library="Selenium2Library">
<doc>Types the given ``text`` into the text field identified by ``locator``.</doc>
<arguments>
<arg>${locator}</arg>
<arg>${txt_value}</arg>
</arguments>
<msg timestamp="20201225 16:57:04.543" level="INFO">Typing text '333' into text field '//*[@id="blog_url"]'.</msg>
<status status="PASS" starttime="20201225 16:57:04.542" endtime="20201225 16:57:04.595"></status>
</kw>
<status status="PASS" starttime="20201225 16:57:04.528" endtime="20201225 16:57:04.595"></status>
</kw>
<kw name="Wait Type" library="Book_Key">
<arguments>
<arg>${inputyoutube_url}</arg>
<arg>444444</arg>
</arguments>
<kw name="Wait Until Element Is Visible" library="Selenium2Library">
<doc>Waits until the element ``locator`` is visible.</doc>
<arguments>
<arg>${locator}</arg>
<arg>30s</arg>
</arguments>
<status status="PASS" starttime="20201225 16:57:04.595" endtime="20201225 16:57:04.607"></status>
</kw>
<kw name="Input Text" library="Selenium2Library">
<doc>Types the given ``text`` into the text field identified by ``locator``.</doc>
<arguments>
<arg>${locator}</arg>
<arg>${txt_value}</arg>
</arguments>
<msg timestamp="20201225 16:57:04.607" level="INFO">Typing text '444444' into text field '//*[@id="youtube_url"]'.</msg>
<status status="PASS" starttime="20201225 16:57:04.607" endtime="20201225 16:57:04.662"></status>
</kw>
<status status="PASS" starttime="20201225 16:57:04.595" endtime="20201225 16:57:04.662"></status>
</kw>
<kw name="Wait Click" library="Book_Key">
<arguments>
<arg>${choosebook_type}</arg>
</arguments>
<kw name="Wait Until Element Is Visible" library="Selenium2Library">
<doc>Waits until the element ``locator`` is visible.</doc>
<arguments>
<arg>${locator}</arg>
<arg>15s</arg>
</arguments>
<status status="PASS" starttime="20201225 16:57:04.663" endtime="20201225 16:57:04.676"></status>
</kw>
<kw name="Click Element" library="Selenium2Library">
<doc>Click the element identified by ``locator``.</doc>
<arguments>
<arg>${locator}</arg>
</arguments>
<msg timestamp="20201225 16:57:04.676" level="INFO">Clicking element 'xpath=//select[@name="book_type"]'.</msg>
<status status="PASS" starttime="20201225 16:57:04.676" endtime="20201225 16:57:04.780"></status>
</kw>
<kw name="Sleep" library="BuiltIn">
<doc>Pauses the test executed for the given time.</doc>
<arguments>
<arg>1s</arg>
</arguments>
<msg timestamp="20201225 16:57:05.781" level="INFO">Slept 1 second</msg>
<status status="PASS" starttime="20201225 16:57:04.780" endtime="20201225 16:57:05.781"></status>
</kw>
<status status="PASS" starttime="20201225 16:57:04.662" endtime="20201225 16:57:05.782"></status>
</kw>
<kw name="Wait Click" library="Book_Key">
<arguments>
<arg>${choosebook_type2}</arg>
</arguments>
<kw name="Wait Until Element Is Visible" library="Selenium2Library">
<doc>Waits until the element ``locator`` is visible.</doc>
<arguments>
<arg>${locator}</arg>
<arg>15s</arg>
</arguments>
<status status="PASS" starttime="20201225 16:57:05.782" endtime="20201225 16:57:05.795"></status>
</kw>
<kw name="Click Element" library="Selenium2Library">
<doc>Click the element identified by ``locator``.</doc>
<arguments>
<arg>${locator}</arg>
</arguments>
<msg timestamp="20201225 16:57:05.796" level="INFO">Clicking element 'xpath=//select/option[5]'.</msg>
<status status="PASS" starttime="20201225 16:57:05.796" endtime="20201225 16:57:06.105"></status>
</kw>
<kw name="Sleep" library="BuiltIn">
<doc>Pauses the test executed for the given time.</doc>
<arguments>
<arg>1s</arg>
</arguments>
<msg timestamp="20201225 16:57:07.108" level="INFO">Slept 1 second</msg>
<status status="PASS" starttime="20201225 16:57:06.105" endtime="20201225 16:57:07.108"></status>
</kw>
<status status="PASS" starttime="20201225 16:57:05.782" endtime="20201225 16:57:07.108"></status>
</kw>
<kw name="Wait Type" library="Book_Key">
<arguments>
<arg>${inputbook_name}</arg>
<arg>ชื่อหนังสือค่าๆๆ</arg>
</arguments>
<kw name="Wait Until Element Is Visible" library="Selenium2Library">
<doc>Waits until the element ``locator`` is visible.</doc>
<arguments>
<arg>${locator}</arg>
<arg>30s</arg>
</arguments>
<status status="PASS" starttime="20201225 16:57:07.109" endtime="20201225 16:57:07.122"></status>
</kw>
<kw name="Input Text" library="Selenium2Library">
<doc>Types the given ``text`` into the text field identified by ``locator``.</doc>
<arguments>
<arg>${locator}</arg>
<arg>${txt_value}</arg>
</arguments>
<msg timestamp="20201225 16:57:07.122" level="INFO">Typing text 'ชื่อหนังสือค่าๆๆ' into text field '//*[@id="book_name"]'.</msg>
<status status="PASS" starttime="20201225 16:57:07.122" endtime="20201225 16:57:07.428"></status>
</kw>
<status status="PASS" starttime="20201225 16:57:07.108" endtime="20201225 16:57:07.429"></status>
</kw>
<kw name="Wait Type" library="Book_Key">
<arguments>
<arg>${inputblame_position}</arg>
<arg>ชื่อหนังสือค่าๆๆ//</arg>
</arguments>
<kw name="Wait Until Element Is Visible" library="Selenium2Library">
<doc>Waits until the element ``locator`` is visible.</doc>
<arguments>
<arg>${locator}</arg>
<arg>30s</arg>
</arguments>
<status status="PASS" starttime="20201225 16:57:07.429" endtime="20201225 16:57:07.441"></status>
</kw>
<kw name="Input Text" library="Selenium2Library">
<doc>Types the given ``text`` into the text field identified by ``locator``.</doc>
<arguments>
<arg>${locator}</arg>
<arg>${txt_value}</arg>
</arguments>
<msg timestamp="20201225 16:57:07.442" level="INFO">Typing text 'ชื่อหนังสือค่าๆๆ//' into text field '//*[@id="blame_position"]'.</msg>
<status status="PASS" starttime="20201225 16:57:07.441" endtime="20201225 16:57:07.511"></status>
</kw>
<status status="PASS" starttime="20201225 16:57:07.429" endtime="20201225 16:57:07.511"></status>
</kw>
<kw name="wait click choose file" library="Book_Key">
<arguments>
<arg>${clickname_picture}</arg>
<arg>${pic_name_picture}</arg>
</arguments>
<kw name="Choose File" library="Selenium2Library">
<doc>Inputs the ``file_path`` into the file input field ``locator``.</doc>
<arguments>
<arg>${locator}</arg>
<arg>${AddFile}</arg>
</arguments>
<msg timestamp="20201225 16:57:07.512" level="INFO">Sending /Users/ads/Desktop/Book/BeaPrommajan.jpg to browser.</msg>
<status status="PASS" starttime="20201225 16:57:07.511" endtime="20201225 16:57:07.541"></status>
</kw>
<kw name="Sleep" library="BuiltIn">
<doc>Pauses the test executed for the given time.</doc>
<arguments>
<arg>1s</arg>
</arguments>
<msg timestamp="20201225 16:57:08.541" level="INFO">Slept 1 second</msg>
<status status="PASS" starttime="20201225 16:57:07.541" endtime="20201225 16:57:08.541"></status>
</kw>
<status status="PASS" starttime="20201225 16:57:07.511" endtime="20201225 16:57:08.542"></status>
</kw>
<kw name="wait click choose file" library="Book_Key">
<arguments>
<arg>${clickblame_position}</arg>
<arg>${pic_name_picture}</arg>
</arguments>
<kw name="Choose File" library="Selenium2Library">
<doc>Inputs the ``file_path`` into the file input field ``locator``.</doc>
<arguments>
<arg>${locator}</arg>
<arg>${AddFile}</arg>
</arguments>
<msg timestamp="20201225 16:57:08.543" level="INFO">Sending /Users/ads/Desktop/Book/BeaPrommajan.jpg to browser.</msg>
<status status="PASS" starttime="20201225 16:57:08.542" endtime="20201225 16:57:08.569"></status>
</kw>
<kw name="Sleep" library="BuiltIn">
<doc>Pauses the test executed for the given time.</doc>
<arguments>
<arg>1s</arg>
</arguments>
<msg timestamp="20201225 16:57:09.569" level="INFO">Slept 1 second</msg>
<status status="PASS" starttime="20201225 16:57:08.569" endtime="20201225 16:57:09.569"></status>
</kw>
<status status="PASS" starttime="20201225 16:57:08.542" endtime="20201225 16:57:09.570"></status>
</kw>
<kw name="Wait Type" library="Book_Key">
<arguments>
<arg>${inputwriter}</arg>
<arg>321</arg>
</arguments>
<kw name="Wait Until Element Is Visible" library="Selenium2Library">
<doc>Waits until the element ``locator`` is visible.</doc>
<arguments>
<arg>${locator}</arg>
<arg>30s</arg>
</arguments>
<status status="PASS" starttime="20201225 16:57:09.570" endtime="20201225 16:57:09.584"></status>
</kw>
<kw name="Input Text" library="Selenium2Library">
<doc>Types the given ``text`` into the text field identified by ``locator``.</doc>
<arguments>
<arg>${locator}</arg>
<arg>${txt_value}</arg>
</arguments>
<msg timestamp="20201225 16:57:09.584" level="INFO">Typing text '321' into text field '//*[@id="writer"]'.</msg>
<status status="PASS" starttime="20201225 16:57:09.584" endtime="20201225 16:57:09.639"></status>
</kw>
<status status="PASS" starttime="20201225 16:57:09.570" endtime="20201225 16:57:09.639"></status>
</kw>
<kw name="Wait Type" library="Book_Key">
<arguments>
<arg>${inputalias}</arg>
<arg>123</arg>
</arguments>
<kw name="Wait Until Element Is Visible" library="Selenium2Library">
<doc>Waits until the element ``locator`` is visible.</doc>
<arguments>
<arg>${locator}</arg>
<arg>30s</arg>
</arguments>
<status status="PASS" starttime="20201225 16:57:09.639" endtime="20201225 16:57:09.654"></status>
</kw>
<kw name="Input Text" library="Selenium2Library">
<doc>Types the given ``text`` into the text field identified by ``locator``.</doc>
<arguments>
<arg>${locator}</arg>
<arg>${txt_value}</arg>
</arguments>
<msg timestamp="20201225 16:57:09.655" level="INFO">Typing text '123' into text field '//*[@id="alias"]'.</msg>
<status status="PASS" starttime="20201225 16:57:09.655" endtime="20201225 16:57:09.708"></status>
</kw>
<status status="PASS" starttime="20201225 16:57:09.639" endtime="20201225 16:57:09.708"></status>
</kw>
<kw name="Wait Type" library="Book_Key">
<arguments>
<arg>${inputproduct_price}</arg>
<arg>788</arg>
</arguments>
<kw name="Wait Until Element Is Visible" library="Selenium2Library">
<doc>Waits until the element ``locator`` is visible.</doc>
<arguments>
<arg>${locator}</arg>
<arg>30s</arg>
</arguments>
<status status="PASS" starttime="20201225 16:57:09.709" endtime="20201225 16:57:09.721"></status>
</kw>
<kw name="Input Text" library="Selenium2Library">
<doc>Types the given ``text`` into the text field identified by ``locator``.</doc>
<arguments>
<arg>${locator}</arg>
<arg>${txt_value}</arg>
</arguments>
<msg timestamp="20201225 16:57:09.722" level="INFO">Typing text '788' into text field '//*[@id="product_price"]'.</msg>
<status status="PASS" starttime="20201225 16:57:09.721" endtime="20201225 16:57:09.778"></status>
</kw>
<status status="PASS" starttime="20201225 16:57:09.708" endtime="20201225 16:57:09.778"></status>
</kw>
<kw name="Wait Type" library="Book_Key">
<arguments>
<arg>${inputprice}</arg>
<arg>566</arg>
</arguments>
<kw name="Wait Until Element Is Visible" library="Selenium2Library">
<doc>Waits until the element ``locator`` is visible.</doc>
<arguments>
<arg>${locator}</arg>
<arg>30s</arg>
</arguments>
<status status="PASS" starttime="20201225 16:57:09.779" endtime="20201225 16:57:09.790"></status>
</kw>
<kw name="Input Text" library="Selenium2Library">
<doc>Types the given ``text`` into the text field identified by ``locator``.</doc>
<arguments>
<arg>${locator}</arg>
<arg>${txt_value}</arg>
</arguments>
<msg timestamp="20201225 16:57:09.791" level="INFO">Typing text '566' into text field '//*[@id="price"]'.</msg>
<status status="PASS" starttime="20201225 16:57:09.790" endtime="20201225 16:57:09.845"></status>
</kw>
<status status="PASS" starttime="20201225 16:57:09.778" endtime="20201225 16:57:09.845"></status>
</kw>
<kw name="Wait Type" library="Book_Key">
<arguments>
<arg>${inputpages}</arg>
<arg>44</arg>
</arguments>
<kw name="Wait Until Element Is Visible" library="Selenium2Library">
<doc>Waits until the element ``locator`` is visible.</doc>
<arguments>
<arg>${locator}</arg>
<arg>30s</arg>
</arguments>
<status status="PASS" starttime="20201225 16:57:09.846" endtime="20201225 16:57:09.858"></status>
</kw>
<kw name="Input Text" library="Selenium2Library">
<doc>Types the given ``text`` into the text field identified by ``locator``.</doc>
<arguments>
<arg>${locator}</arg>
<arg>${txt_value}</arg>
</arguments>
<msg timestamp="20201225 16:57:09.858" level="INFO">Typing text '44' into text field '//*[@id="pages"]'.</msg>
<status status="PASS" starttime="20201225 16:57:09.858" endtime="20201225 16:57:09.909"></status>
</kw>
<status status="PASS" starttime="20201225 16:57:09.845" endtime="20201225 16:57:09.909"></status>
</kw>
<kw name="Wait Type" library="Book_Key">
<arguments>
<arg>${inputpim_time}</arg>
<arg>4</arg>
</arguments>
<kw name="Wait Until Element Is Visible" library="Selenium2Library">
<doc>Waits until the element ``locator`` is visible.</doc>
<arguments>
<arg>${locator}</arg>
<arg>30s</arg>
</arguments>
<status status="PASS" starttime="20201225 16:57:09.909" endtime="20201225 16:57:09.922"></status>
</kw>
<kw name="Input Text" library="Selenium2Library">
<doc>Types the given ``text`` into the text field identified by ``locator``.</doc>
<arguments>
<arg>${locator}</arg>
<arg>${txt_value}</arg>
</arguments>
<msg timestamp="20201225 16:57:09.922" level="INFO">Typing text '4' into text field '//*[@id="pim_time"]'.</msg>
<status status="PASS" starttime="20201225 16:57:09.922" endtime="20201225 16:57:09.974"></status>
</kw>
<status status="PASS" starttime="20201225 16:57:09.909" endtime="20201225 16:57:09.974"></status>
</kw>
<kw name="Wait Type" library="Book_Key">
<arguments>
<arg>${inputpim_year}</arg>
<arg>2014</arg>
</arguments>
<kw name="Wait Until Element Is Visible" library="Selenium2Library">
<doc>Waits until the element ``locator`` is visible.</doc>
<arguments>
<arg>${locator}</arg>
<arg>30s</arg>
</arguments>
<status status="PASS" starttime="20201225 16:57:09.974" endtime="20201225 16:57:09.988"></status>
</kw>
<kw name="Input Text" library="Selenium2Library">
<doc>Types the given ``text`` into the text field identified by ``locator``.</doc>
<arguments>
<arg>${locator}</arg>
<arg>${txt_value}</arg>
</arguments>
<msg timestamp="20201225 16:57:09.988" level="INFO">Typing text '2014' into text field '//*[@id="pim_year"]'.</msg>
<status status="PASS" starttime="20201225 16:57:09.988" endtime="20201225 16:57:10.056"></status>
</kw>
<status status="PASS" starttime="20201225 16:57:09.974" endtime="20201225 16:57:10.056"></status>
</kw>
<status status="PASS" starttime="20201225 16:56:59.616" endtime="20201225 16:57:10.056" critical="yes"></status>
</test>
<kw name="Close Browser" library="Selenium2Library" type="teardown">
<doc>Closes the current browser.</doc>
<status status="PASS" starttime="20201225 16:57:10.057" endtime="20201225 16:57:10.157"></status>
</kw>
<status status="PASS" starttime="20201225 16:56:50.371" endtime="20201225 16:57:10.157"></status>
</suite>
<statistics>
<total>
<stat pass="2" fail="0">Critical Tests</stat>
<stat pass="2" fail="0">All Tests</stat>
</total>
<tag>
</tag>
<suite>
<stat pass="2" fail="0" id="s1" name="Login">Login</stat>
</suite>
</statistics>
<errors>
</errors>
</robot>
