<?xml version="1.0" encoding="UTF-8"?>
<robot generator="Robot 3.2.2 (Python 3.9.0 on darwin)" generated="20210111 10:06:06.545" rpa="false">
<suite id="s1" name="Login" source="/Users/ads/Documents/Robot/Robot_Book/Login.robot">
<kw name="Run Keywords" library="BuiltIn" type="setup">
<doc>Executes all the given keywords in a sequence.</doc>
<arguments>
<arg>Open Browser</arg>
<arg>${BACKENDURL}</arg>
<arg>chrome</arg>
<arg>AND</arg>
<arg>Maximize Browser Window</arg>
</arguments>
<kw name="Open Browser" library="Selenium2Library">
<doc>Opens a new browser instance to the optional ``url``.</doc>
<arguments>
<arg>${BACKENDURL}</arg>
<arg>chrome</arg>
</arguments>
<msg timestamp="20210111 10:06:06.768" level="INFO">Opening browser 'chrome' to base url 'https://book-stg.adessolab.com/'.</msg>
<status status="PASS" starttime="20210111 10:06:06.768" endtime="20210111 10:06:10.348"></status>
</kw>
<kw name="Maximize Browser Window" library="Selenium2Library">
<doc>Maximizes current browser window.</doc>
<status status="PASS" starttime="20210111 10:06:10.348" endtime="20210111 10:06:10.667"></status>
</kw>
<status status="PASS" starttime="20210111 10:06:06.768" endtime="20210111 10:06:10.667"></status>
</kw>
<test id="s1-t1" name="login">
<kw name="Sleep" library="BuiltIn" type="setup">
<doc>Pauses the test executed for the given time.</doc>
<arguments>
<arg>2s</arg>
</arguments>
<msg timestamp="20210111 10:06:12.669" level="INFO">Slept 2 seconds</msg>
<status status="PASS" starttime="20210111 10:06:10.668" endtime="20210111 10:06:12.669"></status>
</kw>
<kw name="Wait Click" library="Book_Key">
<arguments>
<arg>${Clicklogin}</arg>
</arguments>
<kw name="Wait Until Element Is Visible" library="Selenium2Library">
<doc>Waits until the element ``locator`` is visible.</doc>
<arguments>
<arg>${locator}</arg>
<arg>15s</arg>
</arguments>
<status status="PASS" starttime="20210111 10:06:12.669" endtime="20210111 10:06:12.687"></status>
</kw>
<kw name="Click Element" library="Selenium2Library">
<doc>Click the element identified by ``locator``.</doc>
<arguments>
<arg>${locator}</arg>
</arguments>
<msg timestamp="20210111 10:06:12.687" level="INFO">Clicking element '//a[contains(text(),'Login')]'.</msg>
<status status="PASS" starttime="20210111 10:06:12.687" endtime="20210111 10:06:13.182"></status>
</kw>
<kw name="Sleep" library="BuiltIn">
<doc>Pauses the test executed for the given time.</doc>
<arguments>
<arg>1s</arg>
</arguments>
<msg timestamp="20210111 10:06:14.183" level="INFO">Slept 1 second</msg>
<status status="PASS" starttime="20210111 10:06:13.182" endtime="20210111 10:06:14.183"></status>
</kw>
<status status="PASS" starttime="20210111 10:06:12.669" endtime="20210111 10:06:14.183"></status>
</kw>
<kw name="Wait Type" library="Book_Key">
<arguments>
<arg>${input_user}</arg>
<arg>admin123</arg>
</arguments>
<kw name="Wait Until Element Is Visible" library="Selenium2Library">
<doc>Waits until the element ``locator`` is visible.</doc>
<arguments>
<arg>${locator}</arg>
<arg>30s</arg>
</arguments>
<status status="PASS" starttime="20210111 10:06:14.184" endtime="20210111 10:06:14.200"></status>
</kw>
<kw name="Input Text" library="Selenium2Library">
<doc>Types the given ``text`` into the text field identified by ``locator``.</doc>
<arguments>
<arg>${locator}</arg>
<arg>${txt_value}</arg>
</arguments>
<msg timestamp="20210111 10:06:14.200" level="INFO">Typing text 'admin123' into text field '//*[@id="username"]'.</msg>
<status status="PASS" starttime="20210111 10:06:14.200" endtime="20210111 10:06:14.418"></status>
</kw>
<status status="PASS" starttime="20210111 10:06:14.184" endtime="20210111 10:06:14.418"></status>
</kw>
<kw name="Wait Type" library="Book_Key">
<arguments>
<arg>${input_pass}</arg>
<arg>123123123</arg>
</arguments>
<kw name="Wait Until Element Is Visible" library="Selenium2Library">
<doc>Waits until the element ``locator`` is visible.</doc>
<arguments>
<arg>${locator}</arg>
<arg>30s</arg>
</arguments>
<status status="PASS" starttime="20210111 10:06:14.419" endtime="20210111 10:06:14.432"></status>
</kw>
<kw name="Input Text" library="Selenium2Library">
<doc>Types the given ``text`` into the text field identified by ``locator``.</doc>
<arguments>
<arg>${locator}</arg>
<arg>${txt_value}</arg>
</arguments>
<msg timestamp="20210111 10:06:14.432" level="INFO">Typing text '123123123' into text field '//*[@id="password"]'.</msg>
<status status="PASS" starttime="20210111 10:06:14.432" endtime="20210111 10:06:14.481"></status>
</kw>
<status status="PASS" starttime="20210111 10:06:14.418" endtime="20210111 10:06:14.481"></status>
</kw>
<kw name="Wait Click" library="Book_Key">
<arguments>
<arg>${btnlogin}</arg>
</arguments>
<kw name="Wait Until Element Is Visible" library="Selenium2Library">
<doc>Waits until the element ``locator`` is visible.</doc>
<arguments>
<arg>${locator}</arg>
<arg>15s</arg>
</arguments>
<status status="PASS" starttime="20210111 10:06:14.482" endtime="20210111 10:06:14.494"></status>
</kw>
<kw name="Click Element" library="Selenium2Library">
<doc>Click the element identified by ``locator``.</doc>
<arguments>
<arg>${locator}</arg>
</arguments>
<msg timestamp="20210111 10:06:14.495" level="INFO">Clicking element '//button[@type='submit']'.</msg>
<status status="PASS" starttime="20210111 10:06:14.494" endtime="20210111 10:06:15.558"></status>
</kw>
<kw name="Sleep" library="BuiltIn">
<doc>Pauses the test executed for the given time.</doc>
<arguments>
<arg>1s</arg>
</arguments>
<msg timestamp="20210111 10:06:16.560" level="INFO">Slept 1 second</msg>
<status status="PASS" starttime="20210111 10:06:15.558" endtime="20210111 10:06:16.560"></status>
</kw>
<status status="PASS" starttime="20210111 10:06:14.481" endtime="20210111 10:06:16.561"></status>
</kw>
<status status="PASS" starttime="20210111 10:06:10.668" endtime="20210111 10:06:16.561" critical="yes"></status>
</test>
<test id="s1-t2" name="Add book">
<kw name="Sleep" library="BuiltIn" type="setup">
<doc>Pauses the test executed for the given time.</doc>
<arguments>
<arg>2s</arg>
</arguments>
<msg timestamp="20210111 10:06:18.569" level="INFO">Slept 2 seconds</msg>
<status status="PASS" starttime="20210111 10:06:16.567" endtime="20210111 10:06:18.569"></status>
</kw>
<kw name="Wait Click" library="Book_Key">
<arguments>
<arg>${clickbook}</arg>
</arguments>
<kw name="Wait Until Element Is Visible" library="Selenium2Library">
<doc>Waits until the element ``locator`` is visible.</doc>
<arguments>
<arg>${locator}</arg>
<arg>15s</arg>
</arguments>
<status status="PASS" starttime="20210111 10:06:18.570" endtime="20210111 10:06:18.585"></status>
</kw>
<kw name="Click Element" library="Selenium2Library">
<doc>Click the element identified by ``locator``.</doc>
<arguments>
<arg>${locator}</arg>
</arguments>
<msg timestamp="20210111 10:06:18.585" level="INFO">Clicking element 'xpath=(//a[contains(@href, '#')])[3]'.</msg>
<status status="PASS" starttime="20210111 10:06:18.585" endtime="20210111 10:06:18.622"></status>
</kw>
<kw name="Sleep" library="BuiltIn">
<doc>Pauses the test executed for the given time.</doc>
<arguments>
<arg>1s</arg>
</arguments>
<msg timestamp="20210111 10:06:19.624" level="INFO">Slept 1 second</msg>
<status status="PASS" starttime="20210111 10:06:18.622" endtime="20210111 10:06:19.624"></status>
</kw>
<status status="PASS" starttime="20210111 10:06:18.570" endtime="20210111 10:06:19.625"></status>
</kw>
<kw name="Wait Click" library="Book_Key">
<arguments>
<arg>${clickaddbook}</arg>
</arguments>
<kw name="Wait Until Element Is Visible" library="Selenium2Library">
<doc>Waits until the element ``locator`` is visible.</doc>
<arguments>
<arg>${locator}</arg>
<arg>15s</arg>
</arguments>
<status status="PASS" starttime="20210111 10:06:19.626" endtime="20210111 10:06:19.640"></status>
</kw>
<kw name="Click Element" library="Selenium2Library">
<doc>Click the element identified by ``locator``.</doc>
<arguments>
<arg>${locator}</arg>
</arguments>
<msg timestamp="20210111 10:06:19.640" level="INFO">Clicking element '//li[3]/ul/li/a/p'.</msg>
<status status="PASS" starttime="20210111 10:06:19.640" endtime="20210111 10:06:20.418"></status>
</kw>
<kw name="Sleep" library="BuiltIn">
<doc>Pauses the test executed for the given time.</doc>
<arguments>
<arg>1s</arg>
</arguments>
<msg timestamp="20210111 10:06:21.420" level="INFO">Slept 1 second</msg>
<status status="PASS" starttime="20210111 10:06:20.418" endtime="20210111 10:06:21.420"></status>
</kw>
<status status="PASS" starttime="20210111 10:06:19.625" endtime="20210111 10:06:21.421"></status>
</kw>
<kw name="Wait Type" library="Book_Key">
<arguments>
<arg>${inputisbn}</arg>
<arg>123123123123123123</arg>
</arguments>
<kw name="Wait Until Element Is Visible" library="Selenium2Library">
<doc>Waits until the element ``locator`` is visible.</doc>
<arguments>
<arg>${locator}</arg>
<arg>30s</arg>
</arguments>
<status status="PASS" starttime="20210111 10:06:21.421" endtime="20210111 10:06:21.434"></status>
</kw>
<kw name="Input Text" library="Selenium2Library">
<doc>Types the given ``text`` into the text field identified by ``locator``.</doc>
<arguments>
<arg>${locator}</arg>
<arg>${txt_value}</arg>
</arguments>
<msg timestamp="20210111 10:06:21.435" level="INFO">Typing text '123123123123123123' into text field '//*[@id="isbn"]'.</msg>
<status status="PASS" starttime="20210111 10:06:21.434" endtime="20210111 10:06:21.511"></status>
</kw>
<status status="PASS" starttime="20210111 10:06:21.421" endtime="20210111 10:06:21.511"></status>
</kw>
<kw name="Wait Type" library="Book_Key">
<arguments>
<arg>${inputblog_url}</arg>
<arg>333</arg>
</arguments>
<kw name="Wait Until Element Is Visible" library="Selenium2Library">
<doc>Waits until the element ``locator`` is visible.</doc>
<arguments>
<arg>${locator}</arg>
<arg>30s</arg>
</arguments>
<status status="PASS" starttime="20210111 10:06:21.512" endtime="20210111 10:06:21.525"></status>
</kw>
<kw name="Input Text" library="Selenium2Library">
<doc>Types the given ``text`` into the text field identified by ``locator``.</doc>
<arguments>
<arg>${locator}</arg>
<arg>${txt_value}</arg>
</arguments>
<msg timestamp="20210111 10:06:21.525" level="INFO">Typing text '333' into text field '//*[@id="blog_url"]'.</msg>
<status status="PASS" starttime="20210111 10:06:21.525" endtime="20210111 10:06:21.581"></status>
</kw>
<status status="PASS" starttime="20210111 10:06:21.512" endtime="20210111 10:06:21.581"></status>
</kw>
<kw name="Wait Type" library="Book_Key">
<arguments>
<arg>${inputyoutube_url}</arg>
<arg>444444</arg>
</arguments>
<kw name="Wait Until Element Is Visible" library="Selenium2Library">
<doc>Waits until the element ``locator`` is visible.</doc>
<arguments>
<arg>${locator}</arg>
<arg>30s</arg>
</arguments>
<status status="PASS" starttime="20210111 10:06:21.582" endtime="20210111 10:06:21.594"></status>
</kw>
<kw name="Input Text" library="Selenium2Library">
<doc>Types the given ``text`` into the text field identified by ``locator``.</doc>
<arguments>
<arg>${locator}</arg>
<arg>${txt_value}</arg>
</arguments>
<msg timestamp="20210111 10:06:21.594" level="INFO">Typing text '444444' into text field '//*[@id="youtube_url"]'.</msg>
<status status="PASS" starttime="20210111 10:06:21.594" endtime="20210111 10:06:21.655"></status>
</kw>
<status status="PASS" starttime="20210111 10:06:21.581" endtime="20210111 10:06:21.655"></status>
</kw>
<kw name="Wait Click" library="Book_Key">
<arguments>
<arg>${choosebook_type}</arg>
</arguments>
<kw name="Wait Until Element Is Visible" library="Selenium2Library">
<doc>Waits until the element ``locator`` is visible.</doc>
<arguments>
<arg>${locator}</arg>
<arg>15s</arg>
</arguments>
<status status="PASS" starttime="20210111 10:06:21.656" endtime="20210111 10:06:21.670"></status>
</kw>
<kw name="Click Element" library="Selenium2Library">
<doc>Click the element identified by ``locator``.</doc>
<arguments>
<arg>${locator}</arg>
</arguments>
<msg timestamp="20210111 10:06:21.670" level="INFO">Clicking element 'xpath=//select[@name="book_type"]'.</msg>
<status status="PASS" starttime="20210111 10:06:21.670" endtime="20210111 10:06:21.838"></status>
</kw>
<kw name="Sleep" library="BuiltIn">
<doc>Pauses the test executed for the given time.</doc>
<arguments>
<arg>1s</arg>
</arguments>
<msg timestamp="20210111 10:06:22.841" level="INFO">Slept 1 second</msg>
<status status="PASS" starttime="20210111 10:06:21.838" endtime="20210111 10:06:22.841"></status>
</kw>
<status status="PASS" starttime="20210111 10:06:21.655" endtime="20210111 10:06:22.842"></status>
</kw>
<kw name="Wait Click" library="Book_Key">
<arguments>
<arg>${choosebook_type2}</arg>
</arguments>
<kw name="Wait Until Element Is Visible" library="Selenium2Library">
<doc>Waits until the element ``locator`` is visible.</doc>
<arguments>
<arg>${locator}</arg>
<arg>15s</arg>
</arguments>
<status status="PASS" starttime="20210111 10:06:22.843" endtime="20210111 10:06:22.857"></status>
</kw>
<kw name="Click Element" library="Selenium2Library">
<doc>Click the element identified by ``locator``.</doc>
<arguments>
<arg>${locator}</arg>
</arguments>
<msg timestamp="20210111 10:06:22.857" level="INFO">Clicking element 'xpath=//select/option[5]'.</msg>
<status status="PASS" starttime="20210111 10:06:22.857" endtime="20210111 10:06:23.175"></status>
</kw>
<kw name="Sleep" library="BuiltIn">
<doc>Pauses the test executed for the given time.</doc>
<arguments>
<arg>1s</arg>
</arguments>
<msg timestamp="20210111 10:06:24.175" level="INFO">Slept 1 second</msg>
<status status="PASS" starttime="20210111 10:06:23.175" endtime="20210111 10:06:24.176"></status>
</kw>
<status status="PASS" starttime="20210111 10:06:22.842" endtime="20210111 10:06:24.176"></status>
</kw>
<kw name="Wait Type" library="Book_Key">
<arguments>
<arg>${inputbook_name}</arg>
<arg>ชื่อหนังสือค่าๆๆ</arg>
</arguments>
<kw name="Wait Until Element Is Visible" library="Selenium2Library">
<doc>Waits until the element ``locator`` is visible.</doc>
<arguments>
<arg>${locator}</arg>
<arg>30s</arg>
</arguments>
<status status="PASS" starttime="20210111 10:06:24.182" endtime="20210111 10:06:24.195"></status>
</kw>
<kw name="Input Text" library="Selenium2Library">
<doc>Types the given ``text`` into the text field identified by ``locator``.</doc>
<arguments>
<arg>${locator}</arg>
<arg>${txt_value}</arg>
</arguments>
<msg timestamp="20210111 10:06:24.195" level="INFO">Typing text 'ชื่อหนังสือค่าๆๆ' into text field '//*[@id="book_name"]'.</msg>
<status status="PASS" starttime="20210111 10:06:24.195" endtime="20210111 10:06:24.499"></status>
</kw>
<status status="PASS" starttime="20210111 10:06:24.176" endtime="20210111 10:06:24.500"></status>
</kw>
<kw name="Wait Type" library="Book_Key">
<arguments>
<arg>${inputblame_position}</arg>
<arg>ชื่อหนังสือค่าๆๆ//</arg>
</arguments>
<kw name="Wait Until Element Is Visible" library="Selenium2Library">
<doc>Waits until the element ``locator`` is visible.</doc>
<arguments>
<arg>${locator}</arg>
<arg>30s</arg>
</arguments>
<status status="PASS" starttime="20210111 10:06:24.500" endtime="20210111 10:06:24.512"></status>
</kw>
<kw name="Input Text" library="Selenium2Library">
<doc>Types the given ``text`` into the text field identified by ``locator``.</doc>
<arguments>
<arg>${locator}</arg>
<arg>${txt_value}</arg>
</arguments>
<msg timestamp="20210111 10:06:24.513" level="INFO">Typing text 'ชื่อหนังสือค่าๆๆ//' into text field '//*[@id="blame_position"]'.</msg>
<status status="PASS" starttime="20210111 10:06:24.512" endtime="20210111 10:06:24.581"></status>
</kw>
<status status="PASS" starttime="20210111 10:06:24.500" endtime="20210111 10:06:24.581"></status>
</kw>
<kw name="wait click choose file" library="Book_Key">
<arguments>
<arg>${clickname_picture}</arg>
<arg>${pic_name_picture}</arg>
</arguments>
<kw name="Choose File" library="Selenium2Library">
<doc>Inputs the ``file_path`` into the file input field ``locator``.</doc>
<arguments>
<arg>${locator}</arg>
<arg>${AddFile}</arg>
</arguments>
<msg timestamp="20210111 10:06:24.582" level="INFO">Sending /Users/ads/Desktop/Book/BeaPrommajan.jpg to browser.</msg>
<status status="PASS" starttime="20210111 10:06:24.582" endtime="20210111 10:06:24.614"></status>
</kw>
<kw name="Sleep" library="BuiltIn">
<doc>Pauses the test executed for the given time.</doc>
<arguments>
<arg>1s</arg>
</arguments>
<msg timestamp="20210111 10:06:25.617" level="INFO">Slept 1 second</msg>
<status status="PASS" starttime="20210111 10:06:24.615" endtime="20210111 10:06:25.617"></status>
</kw>
<status status="PASS" starttime="20210111 10:06:24.582" endtime="20210111 10:06:25.617"></status>
</kw>
<kw name="wait click choose file" library="Book_Key">
<arguments>
<arg>${clickblame_position}</arg>
<arg>${pic_name_picture}</arg>
</arguments>
<kw name="Choose File" library="Selenium2Library">
<doc>Inputs the ``file_path`` into the file input field ``locator``.</doc>
<arguments>
<arg>${locator}</arg>
<arg>${AddFile}</arg>
</arguments>
<msg timestamp="20210111 10:06:25.618" level="INFO">Sending /Users/ads/Desktop/Book/BeaPrommajan.jpg to browser.</msg>
<status status="PASS" starttime="20210111 10:06:25.618" endtime="20210111 10:06:25.646"></status>
</kw>
<kw name="Sleep" library="BuiltIn">
<doc>Pauses the test executed for the given time.</doc>
<arguments>
<arg>1s</arg>
</arguments>
<msg timestamp="20210111 10:06:26.646" level="INFO">Slept 1 second</msg>
<status status="PASS" starttime="20210111 10:06:25.646" endtime="20210111 10:06:26.647"></status>
</kw>
<status status="PASS" starttime="20210111 10:06:25.617" endtime="20210111 10:06:26.647"></status>
</kw>
<kw name="Wait Type" library="Book_Key">
<arguments>
<arg>${inputwriter}</arg>
<arg>321</arg>
</arguments>
<kw name="Wait Until Element Is Visible" library="Selenium2Library">
<doc>Waits until the element ``locator`` is visible.</doc>
<arguments>
<arg>${locator}</arg>
<arg>30s</arg>
</arguments>
<status status="PASS" starttime="20210111 10:06:26.647" endtime="20210111 10:06:26.662"></status>
</kw>
<kw name="Input Text" library="Selenium2Library">
<doc>Types the given ``text`` into the text field identified by ``locator``.</doc>
<arguments>
<arg>${locator}</arg>
<arg>${txt_value}</arg>
</arguments>
<msg timestamp="20210111 10:06:26.663" level="INFO">Typing text '321' into text field '//*[@id="writer"]'.</msg>
<status status="PASS" starttime="20210111 10:06:26.663" endtime="20210111 10:06:26.722"></status>
</kw>
<status status="PASS" starttime="20210111 10:06:26.647" endtime="20210111 10:06:26.722"></status>
</kw>
<kw name="Wait Type" library="Book_Key">
<arguments>
<arg>${inputalias}</arg>
<arg>123</arg>
</arguments>
<kw name="Wait Until Element Is Visible" library="Selenium2Library">
<doc>Waits until the element ``locator`` is visible.</doc>
<arguments>
<arg>${locator}</arg>
<arg>30s</arg>
</arguments>
<status status="PASS" starttime="20210111 10:06:26.723" endtime="20210111 10:06:26.737"></status>
</kw>
<kw name="Input Text" library="Selenium2Library">
<doc>Types the given ``text`` into the text field identified by ``locator``.</doc>
<arguments>
<arg>${locator}</arg>
<arg>${txt_value}</arg>
</arguments>
<msg timestamp="20210111 10:06:26.738" level="INFO">Typing text '123' into text field '//*[@id="alias"]'.</msg>
<status status="PASS" starttime="20210111 10:06:26.737" endtime="20210111 10:06:26.791"></status>
</kw>
<status status="PASS" starttime="20210111 10:06:26.723" endtime="20210111 10:06:26.791"></status>
</kw>
<kw name="Wait Type" library="Book_Key">
<arguments>
<arg>${inputproduct_price}</arg>
<arg>788</arg>
</arguments>
<kw name="Wait Until Element Is Visible" library="Selenium2Library">
<doc>Waits until the element ``locator`` is visible.</doc>
<arguments>
<arg>${locator}</arg>
<arg>30s</arg>
</arguments>
<status status="PASS" starttime="20210111 10:06:26.791" endtime="20210111 10:06:26.805"></status>
</kw>
<kw name="Input Text" library="Selenium2Library">
<doc>Types the given ``text`` into the text field identified by ``locator``.</doc>
<arguments>
<arg>${locator}</arg>
<arg>${txt_value}</arg>
</arguments>
<msg timestamp="20210111 10:06:26.805" level="INFO">Typing text '788' into text field '//*[@id="product_price"]'.</msg>
<status status="PASS" starttime="20210111 10:06:26.805" endtime="20210111 10:06:26.868"></status>
</kw>
<status status="PASS" starttime="20210111 10:06:26.791" endtime="20210111 10:06:26.868"></status>
</kw>
<kw name="Wait Type" library="Book_Key">
<arguments>
<arg>${inputprice}</arg>
<arg>566</arg>
</arguments>
<kw name="Wait Until Element Is Visible" library="Selenium2Library">
<doc>Waits until the element ``locator`` is visible.</doc>
<arguments>
<arg>${locator}</arg>
<arg>30s</arg>
</arguments>
<status status="PASS" starttime="20210111 10:06:26.868" endtime="20210111 10:06:26.882"></status>
</kw>
<kw name="Input Text" library="Selenium2Library">
<doc>Types the given ``text`` into the text field identified by ``locator``.</doc>
<arguments>
<arg>${locator}</arg>
<arg>${txt_value}</arg>
</arguments>
<msg timestamp="20210111 10:06:26.883" level="INFO">Typing text '566' into text field '//*[@id="price"]'.</msg>
<status status="PASS" starttime="20210111 10:06:26.883" endtime="20210111 10:06:26.943"></status>
</kw>
<status status="PASS" starttime="20210111 10:06:26.868" endtime="20210111 10:06:26.943"></status>
</kw>
<kw name="Wait Type" library="Book_Key">
<arguments>
<arg>${inputpages}</arg>
<arg>44</arg>
</arguments>
<kw name="Wait Until Element Is Visible" library="Selenium2Library">
<doc>Waits until the element ``locator`` is visible.</doc>
<arguments>
<arg>${locator}</arg>
<arg>30s</arg>
</arguments>
<status status="PASS" starttime="20210111 10:06:26.944" endtime="20210111 10:06:26.956"></status>
</kw>
<kw name="Input Text" library="Selenium2Library">
<doc>Types the given ``text`` into the text field identified by ``locator``.</doc>
<arguments>
<arg>${locator}</arg>
<arg>${txt_value}</arg>
</arguments>
<msg timestamp="20210111 10:06:26.957" level="INFO">Typing text '44' into text field '//*[@id="pages"]'.</msg>
<status status="PASS" starttime="20210111 10:06:26.957" endtime="20210111 10:06:27.008"></status>
</kw>
<status status="PASS" starttime="20210111 10:06:26.943" endtime="20210111 10:06:27.008"></status>
</kw>
<kw name="Wait Type" library="Book_Key">
<arguments>
<arg>${inputpim_time}</arg>
<arg>4</arg>
</arguments>
<kw name="Wait Until Element Is Visible" library="Selenium2Library">
<doc>Waits until the element ``locator`` is visible.</doc>
<arguments>
<arg>${locator}</arg>
<arg>30s</arg>
</arguments>
<status status="PASS" starttime="20210111 10:06:27.008" endtime="20210111 10:06:27.023"></status>
</kw>
<kw name="Input Text" library="Selenium2Library">
<doc>Types the given ``text`` into the text field identified by ``locator``.</doc>
<arguments>
<arg>${locator}</arg>
<arg>${txt_value}</arg>
</arguments>
<msg timestamp="20210111 10:06:27.024" level="INFO">Typing text '4' into text field '//*[@id="pim_time"]'.</msg>
<status status="PASS" starttime="20210111 10:06:27.023" endtime="20210111 10:06:27.075"></status>
</kw>
<status status="PASS" starttime="20210111 10:06:27.008" endtime="20210111 10:06:27.075"></status>
</kw>
<kw name="Wait Type" library="Book_Key">
<arguments>
<arg>${inputpim_year}</arg>
<arg>2014</arg>
</arguments>
<kw name="Wait Until Element Is Visible" library="Selenium2Library">
<doc>Waits until the element ``locator`` is visible.</doc>
<arguments>
<arg>${locator}</arg>
<arg>30s</arg>
</arguments>
<status status="PASS" starttime="20210111 10:06:27.076" endtime="20210111 10:06:27.090"></status>
</kw>
<kw name="Input Text" library="Selenium2Library">
<doc>Types the given ``text`` into the text field identified by ``locator``.</doc>
<arguments>
<arg>${locator}</arg>
<arg>${txt_value}</arg>
</arguments>
<msg timestamp="20210111 10:06:27.090" level="INFO">Typing text '2014' into text field '//*[@id="pim_year"]'.</msg>
<status status="PASS" starttime="20210111 10:06:27.090" endtime="20210111 10:06:27.149"></status>
</kw>
<status status="PASS" starttime="20210111 10:06:27.075" endtime="20210111 10:06:27.149"></status>
</kw>
<status status="PASS" starttime="20210111 10:06:16.567" endtime="20210111 10:06:27.149" critical="yes"></status>
</test>
<kw name="Close Browser" library="Selenium2Library" type="teardown">
<doc>Closes the current browser.</doc>
<status status="PASS" starttime="20210111 10:06:27.150" endtime="20210111 10:06:27.395"></status>
</kw>
<status status="PASS" starttime="20210111 10:06:06.546" endtime="20210111 10:06:27.395"></status>
</suite>
<statistics>
<total>
<stat pass="2" fail="0">Critical Tests</stat>
<stat pass="2" fail="0">All Tests</stat>
</total>
<tag>
</tag>
<suite>
<stat pass="2" fail="0" id="s1" name="Login">Login</stat>
</suite>
</statistics>
<errors>
</errors>
</robot>
